
> osiris-window-washing@0.0.1 build
> next build

⚠ Warning: Next.js inferred your workspace root, but it may not be correct.
 We detected multiple lockfiles and selected the directory of C:\Users\dal02\package-lock.json as the root directory.
 To silence this warning, set `turbopack.root` in your Next.js config, or consider removing one of the lockfiles if it's not needed.
   See https://nextjs.org/docs/app/api-reference/config/next-config-js/turbopack#root-directory for more information.
 Detected additional lockfiles: 
   * C:\Users\dal02\Downloads\Telegram Desktop\winbrostest\pnpm-lock.yaml

▲ Next.js 16.1.1 (Turbopack)

  Creating an optimized production build ...
✓ Compiled successfully in 3.5s
  Skipping validation of types
  Collecting page data using 11 workers ...
  Generating static pages using 11 workers (0/3) ...
✓ Generating static pages using 11 workers (3/3) in 496.4ms
  Finalizing page optimization ...

Route (app)
┌ ○ /
└ ○ /_not-found


ƒ Proxy (Middleware)

○  (Static)  prerendered as static content

