
> osiris-house-cleaning@0.0.1 build
> next build

âš  Warning: Next.js inferred your workspace root, but it may not be correct.
 We detected multiple lockfiles and selected the directory of C:\Users\dal02\package-lock.json as the root directory.
 To silence this warning, set `turbopack.root` in your Next.js config, or consider removing one of the lockfiles if it's not needed.
   See https://nextjs.org/docs/app/api-reference/config/next-config-js/turbopack#root-directory for more information.
 Detected additional lockfiles: 
   * C:\Users\dal02\Downloads\Telegram Desktop\winbrostest\package-lock.json

â–˛ Next.js 16.1.1 (Turbopack)
- Environments: .env.local

âš  The "middleware" file convention is deprecated. Please use "proxy" instead. Learn more: https://nextjs.org/docs/messages/middleware-to-proxy
  Creating an optimized production build ...
âś“ Compiled successfully in 30.0s
  Skipping validation of types
  Collecting page data using 11 workers ...
  Generating static pages using 11 workers (0/357) ...
  Generating static pages using 11 workers (89/357) 
  Generating static pages using 11 workers (178/357) 
  Generating static pages using 11 workers (267/357) 
[Tenant] Error fetching tenant by slug 'spotless': {
  code: 'PGRST116',
  details: 'The result contains 0 rows',
  hint: null,
  message: 'Cannot coerce the result to a single JSON object'
}
[Tenant] Error fetching tenant by slug 'spotless': {
  code: 'PGRST116',
  details: 'The result contains 0 rows',
  hint: null,
  message: 'Cannot coerce the result to a single JSON object'
}
[Tenant] Error fetching tenant by slug 'spotless': {
  code: 'PGRST116',
  details: 'The result contains 0 rows',
  hint: null,
  message: 'Cannot coerce the result to a single JSON object'
}
[Tenant] Error fetching tenant by slug 'spotless': {
  code: 'PGRST116',
  details: 'The result contains 0 rows',
  hint: null,
  message: 'Cannot coerce the result to a single JSON object'
}
[Tenant] Error fetching tenant by slug 'spotless': {
  code: 'PGRST116',
  details: 'The result contains 0 rows',
  hint: null,
  message: 'Cannot coerce the result to a single JSON object'
}
[Tenant] Error fetching tenant by slug 'spotless': {
  code: 'PGRST116',
  details: 'The result contains 0 rows',
  hint: null,
  message: 'Cannot coerce the result to a single JSON object'
}
[Tenant] Error fetching tenant by slug 'spotless': {
  code: 'PGRST116',
  details: 'The result contains 0 rows',
  hint: null,
  message: 'Cannot coerce the result to a single JSON object'
}
[Tenant] Error fetching tenant by slug 'spotless': {
  code: 'PGRST116',
  details: 'The result contains 0 rows',
  hint: null,
  message: 'Cannot coerce the result to a single JSON object'
}
[Tenant] Error fetching tenant by slug 'spotless': {
  code: 'PGRST116',
  details: 'The result contains 0 rows',
  hint: null,
  message: 'Cannot coerce the result to a single JSON object'
}
âś“ Generating static pages using 11 workers (357/357) in 3.7s
  Finalizing page optimization ...

Route (app)                                                                   Revalidate  Expire
â”Ś â—‹ /
â”ś â—‹ /_not-found
â”ś â—‹ /admin
â”ś Ć’ /api/actions/add-charge
â”ś Ć’ /api/actions/assign-cleaner
â”ś Ć’ /api/actions/attach-card
â”ś Ć’ /api/actions/attention-needed
â”ś Ć’ /api/actions/auto-schedule
â”ś Ć’ /api/actions/batch-create-customers
â”ś Ć’ /api/actions/batch-create-leads
â”ś Ć’ /api/actions/batch-parse-customers
â”ś Ć’ /api/actions/brain-add-source
â”ś Ć’ /api/actions/brain-query
â”ś Ć’ /api/actions/charge-card
â”ś Ć’ /api/actions/complete-call-task
â”ś Ć’ /api/actions/complete-job
â”ś Ć’ /api/actions/crews
â”ś Ć’ /api/actions/customer-logs
â”ś Ć’ /api/actions/export
â”ś Ć’ /api/actions/generate-payment-link
â”ś Ć’ /api/actions/ghost-health
â”ś Ć’ /api/actions/import-customers
â”ś Ć’ /api/actions/inbox
â”ś Ć’ /api/actions/insights-data
â”ś Ć’ /api/actions/insights-v2
â”ś Ć’ /api/actions/insights/crews
â”ś Ć’ /api/actions/insights/funnel
â”ś Ć’ /api/actions/insights/leads
â”ś Ć’ /api/actions/insights/pricing
â”ś Ć’ /api/actions/insights/retention
â”ś Ć’ /api/actions/job-invoice-details
â”ś Ć’ /api/actions/lead-journey
â”ś Ć’ /api/actions/memberships
â”ś Ć’ /api/actions/my-jobs
â”ś Ć’ /api/actions/notify-cleaners
â”ś Ć’ /api/actions/pipeline
â”ś Ć’ /api/actions/quotes
â”ś Ć’ /api/actions/quotes/preconfirm
â”ś Ć’ /api/actions/quotes/send
â”ś Ć’ /api/actions/recurring
â”ś Ć’ /api/actions/redeem-offer
â”ś Ć’ /api/actions/retargeting-ab-results
â”ś Ć’ /api/actions/retargeting-customers
â”ś Ć’ /api/actions/retargeting-pipeline
â”ś Ć’ /api/actions/retry-payment
â”ś Ć’ /api/actions/send-employee-credentials
â”ś Ć’ /api/actions/send-invoice
â”ś Ć’ /api/actions/send-payment-links
â”ś Ć’ /api/actions/send-sms
â”ś Ć’ /api/actions/settings
â”ś Ć’ /api/actions/sync-hubspot
â”ś Ć’ /api/actions/sync-openphone-contacts
â”ś Ć’ /api/actions/sync-openphone-messages
â”ś Ć’ /api/actions/time-off
â”ś Ć’ /api/admin/audit-tasks
â”ś Ć’ /api/admin/cleaners
â”ś Ć’ /api/admin/clone-vapi-assistants
â”ś Ć’ /api/admin/onboard
â”ś Ć’ /api/admin/patch-vapi-transfer
â”ś Ć’ /api/admin/register-webhook
â”ś Ć’ /api/admin/register-webhook-direct
â”ś Ć’ /api/admin/reregister-all-webhooks
â”ś Ć’ /api/admin/reset-customer
â”ś Ć’ /api/admin/sync-openphone-contacts
â”ś Ć’ /api/admin/tenants
â”ś Ć’ /api/admin/test-connection
â”ś Ć’ /api/admin/test-connection-direct
â”ś Ć’ /api/admin/users
â”ś Ć’ /api/admin/verify-all-webhooks
â”ś Ć’ /api/admin/verify-webhooks
â”ś Ć’ /api/assistant/chat
â”ś Ć’ /api/assistant/conversations
â”ś Ć’ /api/assistant/conversations/[id]
â”ś Ć’ /api/assistant/conversations/[id]/summarize
â”ś Ć’ /api/auth/crew-login
â”ś Ć’ /api/auth/google-lsa
â”ś Ć’ /api/auth/google-lsa/callback
â”ś Ć’ /api/auth/login
â”ś Ć’ /api/auth/logout
â”ś Ć’ /api/auth/session
â”ś Ć’ /api/auth/switch
â”ś Ć’ /api/automation/job-broadcast
â”ś Ć’ /api/automation/lead-followup
â”ś Ć’ /api/automation/send-reminder
â”ś Ć’ /api/blog/[slug]
â”ś Ć’ /api/blog/generate
â”ś Ć’ /api/bridge/dedup
â”ś Ć’ /api/bridge/notify-outreach
â”ś Ć’ /api/calendar
â”ś Ć’ /api/call-tasks
â”ś Ć’ /api/calls
â”ś Ć’ /api/crew/[token]
â”ś Ć’ /api/crew/[token]/auto-session
â”ś Ć’ /api/crew/[token]/estimate/[jobId]
â”ś Ć’ /api/crew/[token]/estimate/[jobId]/card
â”ś Ć’ /api/crew/[token]/job/[jobId]
â”ś Ć’ /api/crew/[token]/job/[jobId]/charge
â”ś Ć’ /api/crew/[token]/job/[jobId]/messages
â”ś Ć’ /api/crew/[token]/job/[jobId]/tip-link
â”ś Ć’ /api/crew/[token]/new-quote
â”ś Ć’ /api/crew/[token]/preconfirm/[preconfirmId]
â”ś Ć’ /api/cron/audit-tasks
â”ś Ć’ /api/cron/brain-embed
â”ś Ć’ /api/cron/brain-ingest
â”ś Ć’ /api/cron/brain-learn
â”ś Ć’ /api/cron/check-timeouts
â”ś Ć’ /api/cron/crew-briefing
â”ś Ć’ /api/cron/extend-recurring-jobs
â”ś Ć’ /api/cron/follow-up-quoted
â”ś Ć’ /api/cron/frequency-nudge
â”ś Ć’ /api/cron/generate-blog-post
â”ś Ć’ /api/cron/ghl-followups
â”ś Ć’ /api/cron/ghost-watchdog
â”ś Ć’ /api/cron/lifecycle-auto-enroll
â”ś Ć’ /api/cron/lifecycle-reengagement
â”ś Ć’ /api/cron/monthly-followup
â”ś Ć’ /api/cron/monthly-reengagement
â”ś Ć’ /api/cron/osiris-learn
â”ś Ć’ /api/cron/poll-lsa-leads
â”ś Ć’ /api/cron/poll-meta-sheet
â”ś Ć’ /api/cron/post-job-followup
â”ś Ć’ /api/cron/process-email-leads
â”ś Ć’ /api/cron/process-scheduled-tasks
â”ś Ć’ /api/cron/route-dispatch
â”ś Ć’ /api/cron/score-conversations
â”ś Ć’ /api/cron/seasonal-reminders
â”ś Ć’ /api/cron/send-final-payments
â”ś Ć’ /api/cron/send-reminders
â”ś Ć’ /api/cron/sync-openphone-contacts
â”ś Ć’ /api/cron/unified-daily
â”ś Ć’ /api/customers
â”ś Ć’ /api/customers/lookup
â”ś Ć’ /api/demo/seed
â”ś Ć’ /api/earnings
â”ś Ć’ /api/events
â”ś Ć’ /api/exceptions
â”ś Ć’ /api/insights/revenue
â”ś Ć’ /api/jobs
â”ś Ć’ /api/leaderboard
â”ś Ć’ /api/leads
â”ś Ć’ /api/leads/[id]/actions
â”ś Ć’ /api/logistics/dispatch
â”ś Ć’ /api/logistics/optimize-day
â”ś Ć’ /api/logistics/rain-day
â”ś Ć’ /api/logistics/route/[date]
â”ś Ć’ /api/manage-teams
â”ś Ć’ /api/metrics
â”ś Ć’ /api/notifications
â”ś Ć’ /api/overview/lead-sources
â”ś Ć’ /api/places/autocomplete
â”ś Ć’ /api/pricing
â”ś Ć’ /api/pricing/addons
â”ś Ć’ /api/pricing/estimate
â”ś Ć’ /api/quotes/[token]
â”ś Ć’ /api/rain-day
â”ś Ć’ /api/search
â”ś Ć’ /api/service-plans
â”ś Ć’ /api/settings
â”ś Ć’ /api/system-events
â”ś Ć’ /api/teams
â”ś Ć’ /api/teams/cleaner-jobs
â”ś Ć’ /api/teams/earnings
â”ś Ć’ /api/teams/messages
â”ś Ć’ /api/teams/reorder
â”ś Ć’ /api/tenant/campaigns
â”ś Ć’ /api/tenant/status
â”ś Ć’ /api/tip/create
â”ś Ć’ /api/tip/job-info
â”ś Ć’ /api/vapi/choose-team
â”ś Ć’ /api/vapi/schedule-estimate
â”ś Ć’ /api/vapi/send-customer-text
â”ś Ć’ /api/webhooks/ghl
â”ś Ć’ /api/webhooks/meta/[slug]
â”ś Ć’ /api/webhooks/openphone
â”ś Ć’ /api/webhooks/sam/[slug]
â”ś Ć’ /api/webhooks/stripe
â”ś Ć’ /api/webhooks/telegram
â”ś Ć’ /api/webhooks/telegram/[slug]
â”ś Ć’ /api/webhooks/telegram/winbros
â”ś Ć’ /api/webhooks/vapi
â”ś Ć’ /api/webhooks/vapi/[slug]
â”ś Ć’ /api/webhooks/website/[slug]
â”ś â—‹ /assistant
â”ś â—‹ /calls
â”ś â—‹ /campaigns
â”ś Ć’ /crew/[token]
â”ś Ć’ /crew/[token]/estimate/[jobId]
â”ś Ć’ /crew/[token]/job/[jobId]
â”ś Ć’ /crew/[token]/new-quote
â”ś Ć’ /crew/[token]/preconfirm/[preconfirmId]
â”ś â—‹ /crews
â”ś â—‹ /customers
â”ś â—‹ /earnings
â”ś â—‹ /exceptions
â”ś â—‹ /inbox
â”ś â—‹ /insights
â”ś â—‹ /insights/crews
â”ś â—‹ /insights/funnel
â”ś â—‹ /insights/leads
â”ś â—‹ /insights/pricing
â”ś â—‹ /insights/retention
â”ś â—‹ /insights/revenue
â”ś â—‹ /jobs
â”ś â—‹ /leaderboard
â”ś â—‹ /leads
â”ś â—‹ /login
â”ś â—‹ /memberships
â”ś â—‹ /my-schedule
â”ś â—‹ /osiris-marketing
â”ś â—‹ /osiris-marketing/sitemap.xml
â”ś â—‹ /overview
â”ś Ć’ /quote/[token]
â”ś Ć’ /quote/[token]/success
â”ś â—‹ /quotes
â”ś â—‹ /rain-day
â”ś â—‹ /retargeting/v1
â”ś â—‹ /retargeting/v2
â”ś â—‹ /retargeting/v3
â”ś â—‹ /schedule
â”ś â—‹ /spotless
â”ś â—‹ /spotless/about
â”ś â—‹ /spotless/accessibility
â”ś â—‹ /spotless/areas
â”ś â—Ź /spotless/areas/[city]
â”‚ â”ś /spotless/areas/los-angeles
â”‚ â”ś /spotless/areas/santa-monica
â”‚ â”ś /spotless/areas/beverly-hills
â”‚ â”” [+17 more paths]
â”ś â—‹ /spotless/blog                                                                    1h      1y
â”ś â—Ź /spotless/blog/[slug]                                                             1h      1y
â”‚ â”ś /spotless/blog/how-much-does-house-cleaning-cost-in-los-angeles                   1h      1y
â”‚ â”ś /spotless/blog/move-in-cleaning-checklist-what-to-clean-before-unpacking          1h      1y
â”‚ â”ś /spotless/blog/how-to-keep-your-airbnb-guest-ready-between-bookings               1h      1y
â”‚ â”” [+5 more paths]
â”ś â—‹ /spotless/contact
â”ś â—‹ /spotless/offer
â”ś â—‹ /spotless/privacy
â”ś â—‹ /spotless/services
â”ś â—Ź /spotless/services/[slug]
â”‚ â”ś /spotless/services/standard-cleaning
â”‚ â”ś /spotless/services/deep-cleaning
â”‚ â”ś /spotless/services/move-in-out-cleaning
â”‚ â”” [+3 more paths]
â”ś â—Ź /spotless/services/[slug]/[city]
â”‚ â”ś /spotless/services/standard-cleaning/los-angeles
â”‚ â”ś /spotless/services/standard-cleaning/santa-monica
â”‚ â”ś /spotless/services/standard-cleaning/beverly-hills
â”‚ â”” [+117 more paths]
â”ś â—‹ /spotless/sitemap.xml
â”ś â—‹ /spotless/terms
â”ś â—‹ /teams
â”ś â—‹ /teams/manage
â”ś Ć’ /tip/[jobId]
â”” Ć’ /tip/[jobId]/success


Ć’ Proxy (Middleware)

â—‹  (Static)   prerendered as static content
â—Ź  (SSG)      prerendered as static HTML (uses generateStaticParams)
Ć’  (Dynamic)  server-rendered on demand

